<?xml version="1.0" encoding="UTF-8"?>
<!-- Generated by org.testng.reporters.JUnitXMLReporter -->
<testsuite ignored="0" hostname="DESKTOP-3OSFOEK" failures="1" tests="1" name="Default test(failed)" time="0.075" errors="0" timestamp="2023-12-11T16:11:35 IST">
  <testcase classname="Selenium.assertion" name="a" time="0.014">
    <failure type="java.lang.AssertionError" message="expected [shuhb] but found [shub]">
      <![CDATA[java.lang.AssertionError: expected [shuhb] but found [shub]
at Selenium.assertion.a(assertion.java:15)
at java.base/java.util.ArrayList.forEach(ArrayList.java:1511)
... Removed 33 stack frames]]>
    </failure>
  </testcase> <!-- a -->
</testsuite> <!-- Default test(failed) -->
